Performing C++ SOURCE FILE Test HAVE_CXX_FLAG_WSHORTEN_64_TO_32 failed with the following output:
Change Dir: /home/alexesn/CLionProjects/labs_inf_esis_alexander/lab3/cmake-build-debug/CMakeFiles/CMakeTmp

Run Build Command(s):/usr/bin/make cmTC_ba8dd/fast && /usr/bin/make  -f CMakeFiles/cmTC_ba8dd.dir/build.make CMakeFiles/cmTC_ba8dd.dir/build
make[1]: Entering directory '/home/alexesn/CLionProjects/labs_inf_esis_alexander/lab3/cmake-build-debug/CMakeFiles/CMakeTmp'
Building CXX object CMakeFiles/cmTC_ba8dd.dir/src.cxx.o
/usr/bin/c++ -DHAVE_CXX_FLAG_WSHORTEN_64_TO_32  -std=c++11  -Wall  -Wextra  -Wshadow  -pedantic  -pedantic-errors  -Wshorten-64-to-32   -Wshorten-64-to-32 -o CMakeFiles/cmTC_ba8dd.dir/src.cxx.o -c /home/alexesn/CLionProjects/labs_inf_esis_alexander/lab3/cmake-build-debug/CMakeFiles/CMakeTmp/src.cxx
c++: error: unrecognized command line option '-Wshorten-64-to-32'
c++: error: unrecognized command line option '-Wshorten-64-to-32'
make[1]: *** [CMakeFiles/cmTC_ba8dd.dir/build.make:85: CMakeFiles/cmTC_ba8dd.dir/src.cxx.o] Error 1
make[1]: Leaving directory '/home/alexesn/CLionProjects/labs_inf_esis_alexander/lab3/cmake-build-debug/CMakeFiles/CMakeTmp'
make: *** [Makefile:140: cmTC_ba8dd/fast] Error 2


Source file was:
int main() { return 0; }
Performing C++ SOURCE FILE Test HAVE_CXX_FLAG_WSHORTEN_64_TO_32 failed with the following output:
Change Dir: /home/alexesn/CLionProjects/labs_inf_esis_alexander/lab3/cmake-build-debug/CMakeFiles/CMakeTmp

Run Build Command(s):/usr/bin/make cmTC_7b475/fast && /usr/bin/make  -f CMakeFiles/cmTC_7b475.dir/build.make CMakeFiles/cmTC_7b475.dir/build
make[1]: Entering directory '/home/alexesn/CLionProjects/labs_inf_esis_alexander/lab3/cmake-build-debug/CMakeFiles/CMakeTmp'
Building CXX object CMakeFiles/cmTC_7b475.dir/src.cxx.o
/usr/bin/c++ -DHAVE_CXX_FLAG_WSHORTEN_64_TO_32  -std=c++11  -Wall  -Wextra  -Wshadow  -pedantic  -pedantic-errors  -Wshorten-64-to-32   -Wshorten-64-to-32 -o CMakeFiles/cmTC_7b475.dir/src.cxx.o -c /home/alexesn/CLionProjects/labs_inf_esis_alexander/lab3/cmake-build-debug/CMakeFiles/CMakeTmp/src.cxx
c++: error: unrecognized command line option '-Wshorten-64-to-32'
c++: error: unrecognized command line option '-Wshorten-64-to-32'
make[1]: *** [CMakeFiles/cmTC_7b475.dir/build.make:85: CMakeFiles/cmTC_7b475.dir/src.cxx.o] Error 1
make[1]: Leaving directory '/home/alexesn/CLionProjects/labs_inf_esis_alexander/lab3/cmake-build-debug/CMakeFiles/CMakeTmp'
make: *** [Makefile:140: cmTC_7b475/fast] Error 2


Source file was:
int main() { return 0; }
Performing C++ SOURCE FILE Test HAVE_CXX_FLAG_WD654 failed with the following output:
Change Dir: /home/alexesn/CLionProjects/labs_inf_esis_alexander/lab3/cmake-build-debug/CMakeFiles/CMakeTmp

Run Build Command(s):/usr/bin/make cmTC_0868f/fast && /usr/bin/make  -f CMakeFiles/cmTC_0868f.dir/build.make CMakeFiles/cmTC_0868f.dir/build
make[1]: Entering directory '/home/alexesn/CLionProjects/labs_inf_esis_alexander/lab3/cmake-build-debug/CMakeFiles/CMakeTmp'
Building CXX object CMakeFiles/cmTC_0868f.dir/src.cxx.o
/usr/bin/c++ -DHAVE_CXX_FLAG_WD654  -std=c++11  -Wall  -Wextra  -Wshadow  -pedantic  -pedantic-errors  -fstrict-aliasing  -Wno-deprecated-declarations  -Wstrict-aliasing  -wd654   -wd654 -o CMakeFiles/cmTC_0868f.dir/src.cxx.o -c /home/alexesn/CLionProjects/labs_inf_esis_alexander/lab3/cmake-build-debug/CMakeFiles/CMakeTmp/src.cxx
c++: error: unrecognized command line option '-wd654'
c++: error: unrecognized command line option '-wd654'
make[1]: *** [CMakeFiles/cmTC_0868f.dir/build.make:85: CMakeFiles/cmTC_0868f.dir/src.cxx.o] Error 1
make[1]: Leaving directory '/home/alexesn/CLionProjects/labs_inf_esis_alexander/lab3/cmake-build-debug/CMakeFiles/CMakeTmp'
make: *** [Makefile:140: cmTC_0868f/fast] Error 2


Source file was:
int main() { return 0; }
Performing C++ SOURCE FILE Test HAVE_CXX_FLAG_WTHREAD_SAFETY failed with the following output:
Change Dir: /home/alexesn/CLionProjects/labs_inf_esis_alexander/lab3/cmake-build-debug/CMakeFiles/CMakeTmp

Run Build Command(s):/usr/bin/make cmTC_8d76e/fast && /usr/bin/make  -f CMakeFiles/cmTC_8d76e.dir/build.make CMakeFiles/cmTC_8d76e.dir/build
make[1]: Entering directory '/home/alexesn/CLionProjects/labs_inf_esis_alexander/lab3/cmake-build-debug/CMakeFiles/CMakeTmp'
Building CXX object CMakeFiles/cmTC_8d76e.dir/src.cxx.o
/usr/bin/c++ -DHAVE_CXX_FLAG_WTHREAD_SAFETY  -std=c++11  -Wall  -Wextra  -Wshadow  -pedantic  -pedantic-errors  -fstrict-aliasing  -Wno-deprecated-declarations  -Wstrict-aliasing  -Wthread-safety   -Wthread-safety -o CMakeFiles/cmTC_8d76e.dir/src.cxx.o -c /home/alexesn/CLionProjects/labs_inf_esis_alexander/lab3/cmake-build-debug/CMakeFiles/CMakeTmp/src.cxx
c++: error: unrecognized command line option '-Wthread-safety'
c++: error: unrecognized command line option '-Wthread-safety'
make[1]: *** [CMakeFiles/cmTC_8d76e.dir/build.make:85: CMakeFiles/cmTC_8d76e.dir/src.cxx.o] Error 1
make[1]: Leaving directory '/home/alexesn/CLionProjects/labs_inf_esis_alexander/lab3/cmake-build-debug/CMakeFiles/CMakeTmp'
make: *** [Makefile:140: cmTC_8d76e/fast] Error 2


Source file was:
int main() { return 0; }
Performing C SOURCE FILE Test CMAKE_HAVE_LIBC_PTHREAD failed with the following output:
Change Dir: /home/alexesn/CLionProjects/labs_inf_esis_alexander/lab3/cmake-build-debug/CMakeFiles/CMakeTmp

Run Build Command(s):/usr/bin/make cmTC_63c92/fast && /usr/bin/make  -f CMakeFiles/cmTC_63c92.dir/build.make CMakeFiles/cmTC_63c92.dir/build
make[1]: Entering directory '/home/alexesn/CLionProjects/labs_inf_esis_alexander/lab3/cmake-build-debug/CMakeFiles/CMakeTmp'
Building C object CMakeFiles/cmTC_63c92.dir/src.c.o
/usr/bin/cc -DCMAKE_HAVE_LIBC_PTHREAD   -o CMakeFiles/cmTC_63c92.dir/src.c.o -c /home/alexesn/CLionProjects/labs_inf_esis_alexander/lab3/cmake-build-debug/CMakeFiles/CMakeTmp/src.c
Linking C executable cmTC_63c92
/snap/clion/151/bin/cmake/linux/bin/cmake -E cmake_link_script CMakeFiles/cmTC_63c92.dir/link.txt --verbose=1
/usr/bin/cc CMakeFiles/cmTC_63c92.dir/src.c.o -o cmTC_63c92 
/usr/bin/ld: CMakeFiles/cmTC_63c92.dir/src.c.o: in function `main':
src.c:(.text+0x46): undefined reference to `pthread_create'
/usr/bin/ld: src.c:(.text+0x52): undefined reference to `pthread_detach'
/usr/bin/ld: src.c:(.text+0x5e): undefined reference to `pthread_cancel'
/usr/bin/ld: src.c:(.text+0x6f): undefined reference to `pthread_join'
collect2: error: ld returned 1 exit status
make[1]: *** [CMakeFiles/cmTC_63c92.dir/build.make:106: cmTC_63c92] Error 1
make[1]: Leaving directory '/home/alexesn/CLionProjects/labs_inf_esis_alexander/lab3/cmake-build-debug/CMakeFiles/CMakeTmp'
make: *** [Makefile:140: cmTC_63c92/fast] Error 2


Source file was:
#include <pthread.h>

static void* test_func(void* data)
{
  return data;
}

int main(void)
{
  pthread_t thread;
  pthread_create(&thread, NULL, test_func, NULL);
  pthread_detach(thread);
  pthread_cancel(thread);
  pthread_join(thread, NULL);
  pthread_atfork(NULL, NULL, NULL);
  pthread_exit(NULL);

  return 0;
}

